SF:lib/controllers/user_controller.dart
DA:8,4
DA:12,2
DA:14,2
DA:16,6
DA:17,4
DA:18,4
DA:19,10
DA:20,2
DA:22,1
DA:25,2
LF:10
LH:10
end_of_record
SF:lib/models/user_model.dart
DA:15,2
DA:28,2
DA:29,2
DA:30,2
DA:31,2
DA:32,2
DA:33,2
DA:34,2
DA:35,2
DA:36,2
DA:37,2
DA:38,2
DA:39,2
LF:13
LH:13
end_of_record
SF:lib/views/home_page.dart
DA:11,2
DA:13,1
DA:15,1
DA:16,3
DA:23,2
DA:25,1
DA:26,1
DA:33,1
DA:35,1
DA:36,3
DA:37,2
DA:40,1
DA:42,1
DA:43,1
DA:46,1
DA:47,1
DA:48,2
DA:50,1
DA:54,1
DA:55,2
DA:56,1
DA:57,1
DA:58,1
DA:59,4
LF:24
LH:24
end_of_record
SF:lib/controllers/auth/login_controller.dart
DA:12,2
DA:14,1
DA:15,1
DA:16,1
DA:19,4
DA:23,1
DA:24,5
DA:29,2
DA:30,1
DA:32,3
DA:33,1
DA:34,1
DA:36,1
DA:37,1
LF:14
LH:14
end_of_record
SF:lib/models/auth/login_model.dart
DA:6,1
DA:12,1
DA:13,1
DA:14,1
DA:15,1
DA:16,1
LF:6
LH:6
end_of_record
SF:lib/views/auth/login_page.dart
DA:12,3
DA:14,1
DA:16,1
DA:17,2
DA:18,1
DA:19,1
DA:22,1
DA:29,1
DA:30,1
DA:38,1
DA:40,1
DA:41,3
DA:44,1
DA:46,1
DA:47,1
DA:48,1
DA:49,1
DA:50,1
DA:52,1
DA:55,1
DA:57,1
DA:60,1
DA:61,1
DA:63,6
DA:64,0
DA:65,0
DA:67,0
DA:68,0
DA:69,0
DA:71,0
DA:72,0
DA:78,1
DA:79,1
LF:33
LH:26
end_of_record
